<?xml version="1.0" encoding="UTF-8"?><testsuite errors="0" failures="0" name="com.bestbuy.bestbuyCRUD.StoreCRUDTest" skipped="0" tests="4" time="0.82" timestamp="2020-06-09T15:19:52.970+01:00[Europe/London]"><testcase classname="com.bestbuy.bestbuyCRUD.StoreCRUDTest" name="Creating a new Store"/><testcase classname="com.bestbuy.bestbuyCRUD.StoreCRUDTest" name="Getting a created Store"/><testcase classname="com.bestbuy.bestbuyCRUD.StoreCRUDTest" name="This test will update the store information and verify the updated information"/><testcase classname="com.bestbuy.bestbuyCRUD.StoreCRUDTest" name="This test will delete the store and verify the store is deleted "/></testsuite>