<?xml version="1.0" encoding="UTF-8"?><testsuite errors="0" failures="0" name="com.bestbuy.bestbuyCRUD.CategoryCRUDTest" skipped="0" tests="4" time="11.06" timestamp="2020-06-09T15:19:36.850+01:00[Europe/London]"><testcase classname="com.bestbuy.bestbuyCRUD.CategoryCRUDTest" name="This test will create a new categories and verify it is generated"/><testcase classname="com.bestbuy.bestbuyCRUD.CategoryCRUDTest" name="This test will get the categories information by ID"/><testcase classname="com.bestbuy.bestbuyCRUD.CategoryCRUDTest" name="This test will update the categories information and verify the updated information"/><testcase classname="com.bestbuy.bestbuyCRUD.CategoryCRUDTest" name="This test will delete the categories information and verify the categories is deleted"/></testsuite>