<?xml version="1.0" encoding="UTF-8"?><testsuite errors="0" failures="0" name="com.bestbuy.bestbuyCRUD.ProductCRUDTest" skipped="0" tests="4" time="0.96" timestamp="2020-06-09T15:19:50.532+01:00[Europe/London]"><testcase classname="com.bestbuy.bestbuyCRUD.ProductCRUDTest" name="This test is creating a new products in list"/><testcase classname="com.bestbuy.bestbuyCRUD.ProductCRUDTest" name="This test is getting a created product by ID"/><testcase classname="com.bestbuy.bestbuyCRUD.ProductCRUDTest" name="This test will update the product information and verify the updated information"/><testcase classname="com.bestbuy.bestbuyCRUD.ProductCRUDTest" name="This test will delete the product information and verify the product is deleted "/></testsuite>